Log file open, 01/28/20 17:17:11
LogWindows: Failed to load 'aqProf.dll' (GetLastError=126)
LogWindows: File 'aqProf.dll' does not exist
LogWindows: Failed to load 'VtuneApi.dll' (GetLastError=126)
LogWindows: File 'VtuneApi.dll' does not exist
LogWindows: Failed to load 'VtuneApi32e.dll' (GetLastError=126)
LogWindows: File 'VtuneApi32e.dll' does not exist
LogConsoleResponse: Display: Failed to find resolution value strings in scalability ini. Falling back to default.
LogInit: Display: Running engine for game: Practica
LogPlatformFile: Not using cached read wrapper
LogTaskGraph: Started task graph with 5 named threads and 23 total threads with 3 sets of task threads.
LogStats: Stats thread started at 6.505991
LogD3D11RHI: Loaded GFSDK_Aftermath_Lib.x64.dll
LogICUInternationalization: ICU TimeZone Detection - Raw Offset: +1:00, Platform Override: ''
LogPluginManager: Mounting plugin Paper2D
LogPluginManager: Mounting plugin AISupport
LogPluginManager: Mounting plugin LightPropagationVolume
LogPluginManager: Mounting plugin ActorLayerUtilities
LogPluginManager: Mounting plugin AnimationSharing
LogPluginManager: Mounting plugin CLionSourceCodeAccess
LogPluginManager: Mounting plugin CodeLiteSourceCodeAccess
LogPluginManager: Mounting plugin GitSourceControl
LogPluginManager: Mounting plugin KDevelopSourceCodeAccess
LogPluginManager: Mounting plugin NullSourceCodeAccess
LogPluginManager: Mounting plugin PerforceSourceControl
LogPluginManager: Mounting plugin PlasticSourceControl
LogPluginManager: Mounting plugin SubversionSourceControl
LogPluginManager: Mounting plugin UObjectPlugin
LogPluginManager: Mounting plugin VisualStudioCodeSourceCodeAccess
LogPluginManager: Mounting plugin VisualStudioSourceCodeAccess
LogPluginManager: Mounting plugin XCodeSourceCodeAccess
LogPluginManager: Mounting plugin AssetManagerEditor
LogPluginManager: Mounting plugin CryptoKeys
LogPluginManager: Mounting plugin CurveEditorTools
LogPluginManager: Mounting plugin DataValidation
LogPluginManager: Mounting plugin FacialAnimation
LogPluginManager: Mounting plugin GameplayTagsEditor
LogPluginManager: Mounting plugin MacGraphicsSwitching
LogPluginManager: Mounting plugin MaterialAnalyzer
LogPluginManager: Mounting plugin MobileLauncherProfileWizard
LogPluginManager: Mounting plugin PluginBrowser
LogPluginManager: Mounting plugin SpeedTreeImporter
LogPluginManager: Mounting plugin DatasmithContent
LogPluginManager: Mounting plugin VariantManagerContent
LogPluginManager: Mounting plugin AlembicImporter
LogPluginManager: Mounting plugin AutomationUtils
LogPluginManager: Mounting plugin BackChannel
LogPluginManager: Mounting plugin CharacterAI
LogPluginManager: Mounting plugin GeometryCache
LogPluginManager: Mounting plugin PlatformCrypto
LogPluginManager: Mounting plugin ProxyLODPlugin
LogPluginManager: Mounting plugin SkeletalReduction
LogPluginManager: Mounting plugin MagicLeap
LogPluginManager: Mounting plugin MagicLeapMedia
LogPluginManager: Mounting plugin MLSDK
LogPluginManager: Mounting plugin AndroidMedia
LogPluginManager: Mounting plugin AvfMedia
LogPluginManager: Mounting plugin ImgMedia
LogPluginManager: Mounting plugin MediaCompositing
LogPluginManager: Mounting plugin MediaPlayerEditor
LogPluginManager: Mounting plugin WebMMedia
LogPluginManager: Mounting plugin WmfMedia
LogPluginManager: Mounting plugin TcpMessaging
LogPluginManager: Mounting plugin UdpMessaging
LogPluginManager: Mounting plugin ActorSequence
LogPluginManager: Mounting plugin LevelSequenceEditor
LogPluginManager: Mounting plugin MatineeToLevelSequence
LogPluginManager: Mounting plugin NetcodeUnitTest
LogPluginManager: Mounting plugin NUTUnrealEngine4
LogPluginManager: Mounting plugin OnlineSubsystemGooglePlay
LogPluginManager: Mounting plugin OnlineSubsystemIOS
LogPluginManager: Mounting plugin OnlineSubsystem
LogPluginManager: Mounting plugin OnlineSubsystemNull
LogPluginManager: Mounting plugin OnlineSubsystemUtils
LogPluginManager: Mounting plugin LauncherChunkInstaller
LogPluginManager: Mounting plugin AndroidDeviceProfileSelector
LogPluginManager: Mounting plugin AndroidMoviePlayer
LogPluginManager: Mounting plugin AndroidPermission
LogPluginManager: Mounting plugin AppleImageUtils
LogPluginManager: Mounting plugin AppleMoviePlayer
LogPluginManager: Mounting plugin ArchVisCharacter
LogPluginManager: Mounting plugin AssetTags
LogPluginManager: Mounting plugin AudioCapture
LogPluginManager: Mounting plugin CableComponent
LogPluginManager: Mounting plugin CustomMeshComponent
LogPluginManager: Mounting plugin EditableMesh
LogPluginManager: Mounting plugin ExampleDeviceProfileSelector
LogPluginManager: Mounting plugin GoogleCloudMessaging
LogPluginManager: Mounting plugin IOSDeviceProfileSelector
LogPluginManager: Mounting plugin LinuxDeviceProfileSelector
LogPluginManager: Mounting plugin LocationServicesBPLibrary
LogPluginManager: Mounting plugin MobilePatchingUtils
LogPluginManager: Mounting plugin OculusVR
LogPluginManager: Mounting plugin PhysXVehicles
LogPluginManager: Mounting plugin PostSplashScreen
LogPluginManager: Mounting plugin ProceduralMeshComponent
LogPluginManager: Mounting plugin RuntimePhysXCooking
LogPluginManager: Mounting plugin SignificanceManager
LogPluginManager: Mounting plugin SteamVR
LogPluginManager: Mounting plugin WebMMoviePlayer
LogPluginManager: Mounting plugin WindowsMoviePlayer
LogPluginManager: Mounting plugin ScreenshotTools
LogInit: Using libcurl 7.55.1-DEV
LogInit:  - built for x86_64-pc-win32
LogInit:  - supports SSL with OpenSSL/1.1.1
LogInit:  - supports HTTP deflate (compression) using libz 1.2.8
LogInit:  - other features:
LogInit:      CURL_VERSION_SSL
LogInit:      CURL_VERSION_LIBZ
LogInit:      CURL_VERSION_IPV6
LogInit:      CURL_VERSION_ASYNCHDNS
LogInit:      CURL_VERSION_LARGEFILE
LogInit:      CURL_VERSION_IDN
LogInit:  CurlRequestOptions (configurable via config and command line):
LogInit:  - bVerifyPeer = true  - Libcurl will verify peer certificate
LogInit:  - bUseHttpProxy = false  - Libcurl will NOT use HTTP proxy
LogInit:  - bDontReuseConnections = false  - Libcurl will reuse connections
LogInit:  - MaxHostConnections = 16  - Libcurl will limit the number of connections to a host
LogInit:  - LocalHostAddr = Default
LogInit:  - BufferSize = 65536
LogOnline: OSS: Creating online subsystem instance for: NULL
LogInit: WinSock: version 1.1 (2.2), MaxSocks=32767, MaxUdp=65467
LogOnline: OSS: TryLoadSubsystemAndSetDefault: Loaded subsystem for module [NULL]
LogInit: Build: ++UE4+Release-4.24-CL-10757647
LogInit: Engine Version: 4.24.1-10757647+++UE4+Release-4.24
LogInit: Compatible Engine Version: 4.24.0-10570792+++UE4+Release-4.24
LogInit: Net CL: 10570792
LogInit: OS: Windows 10 (Release 1809) (), CPU: Intel(R) Core(TM) i7-7700HQ CPU @ 2.80GHz, GPU: Intel(R) HD Graphics 630
LogInit: Compiled (64-bit): Dec 17 2019 02:08:03
LogInit: Compiled with Visual C++: 19.16.27032.01
LogInit: Build Configuration: Development
LogInit: Branch Name: ++UE4+Release-4.24
LogInit: Command Line: 
LogInit: Base Directory: C:/Program Files/Epic Games/UE_4.24/Engine/Binaries/Win64/
LogInit: Installed Engine Build: 1
LogDevObjectVersion: Number of dev versions registered: 25
LogDevObjectVersion:   Dev-Blueprints (B0D832E4-1F89-4F0D-ACCF-7EB736FD4AA2): 10
LogDevObjectVersion:   Dev-Build (E1C64328-A22C-4D53-A36C-8E866417BD8C): 0
LogDevObjectVersion:   Dev-Core (375EC13C-06E4-48FB-B500-84F0262A717E): 3
LogDevObjectVersion:   Dev-Editor (E4B068ED-F494-42E9-A231-DA0B2E46BB41): 37
LogDevObjectVersion:   Dev-Framework (CFFC743F-43B0-4480-9391-14DF171D2073): 36
LogDevObjectVersion:   Dev-Mobile (B02B49B5-BB20-44E9-A304-32B752E40360): 2
LogDevObjectVersion:   Dev-Networking (A4E4105C-59A1-49B5-A7C5-40C4547EDFEE): 0
LogDevObjectVersion:   Dev-Online (39C831C9-5AE6-47DC-9A44-9C173E1C8E7C): 0
LogDevObjectVersion:   Dev-Physics (78F01B33-EBEA-4F98-B9B4-84EACCB95AA2): 2
LogDevObjectVersion:   Dev-Platform (6631380F-2D4D-43E0-8009-CF276956A95A): 0
LogDevObjectVersion:   Dev-Rendering (12F88B9F-8875-4AFC-A67C-D90C383ABD29): 36
LogDevObjectVersion:   Dev-Sequencer (7B5AE74C-D270-4C10-A958-57980B212A5A): 11
LogDevObjectVersion:   Dev-VR (D7296918-1DD6-4BDD-9DE2-64A83CC13884): 2
LogDevObjectVersion:   Dev-LoadTimes (C2A15278-BFE7-4AFE-6C17-90FF531DF755): 1
LogDevObjectVersion:   Private-Geometry (6EACA3D4-40EC-4CC1-B786-8BED09428FC5): 3
LogDevObjectVersion:   Dev-AnimPhys (29E575DD-E0A3-4627-9D10-D276232CDCEA): 17
LogDevObjectVersion:   Dev-Anim (AF43A65D-7FD3-4947-9873-3E8ED9C1BB05): 2
LogDevObjectVersion:   Dev-ReflectionCapture (6B266CEC-1EC7-4B8F-A30B-E4D90942FC07): 1
LogDevObjectVersion:   Dev-Automation (0DF73D61-A23F-47EA-B727-89E90C41499A): 1
LogDevObjectVersion:   FortniteMain (601D1886-AC64-4F84-AA16-D3DE0DEAC7D6): 31
LogDevObjectVersion:   Dev-Enterprise (9DFFBCD6-494F-0158-E221-12823C92A888): 8
LogDevObjectVersion:   Dev-Niagara (F2AED0AC-9AFE-416F-8664-AA7FFA26D6FC): 1
LogDevObjectVersion:   Dev-Destruction (174F1F0B-B4C6-45A5-B13F-2EE8D0FB917D): 9
LogDevObjectVersion:   Dev-Physics-Ext (35F94A83-E258-406C-A318-09F59610247C): 8
LogDevObjectVersion:   Dev-CineCamera (B2E18506-4273-CFC2-A54E-F4BB758BBA07): 1
LogInit: Presizing for max 25165824 objects, including 0 objects not considered by GC, pre-allocating 0 bytes for permanent pool.
LogInit: Object subsystem initialized
LogConfig: Setting CVar [[con.DebugEarlyDefault:1]]
LogConfig: Setting CVar [[r.setres:1280x720]]
[2020.01.28-16.17.14:590][  0]LogConfig: Setting CVar [[r.VSync:0]]
[2020.01.28-16.17.14:590][  0]LogConfig: Setting CVar [[r.RHICmdBypass:0]]
[2020.01.28-16.17.14:605][  0]LogConfig: Applying CVar settings from Section [/Script/Engine.RendererSettings] File [C:/Tecnocampus/3r any/2n Trimestre/Motors de Jocs/MotorDeJocs_Practica1/Practica/Saved/Config/Windows/Engine.ini]
[2020.01.28-16.17.14:605][  0]LogConfig: Setting CVar [[r.GPUCrashDebugging:0]]
[2020.01.28-16.17.14:605][  0]LogConfig: Applying CVar settings from Section [/Script/Engine.RendererOverrideSettings] File [C:/Tecnocampus/3r any/2n Trimestre/Motors de Jocs/MotorDeJocs_Practica1/Practica/Saved/Config/Windows/Engine.ini]
[2020.01.28-16.17.14:605][  0]LogConfig: Applying CVar settings from Section [/Script/Engine.StreamingSettings] File [C:/Tecnocampus/3r any/2n Trimestre/Motors de Jocs/MotorDeJocs_Practica1/Practica/Saved/Config/Windows/Engine.ini]
[2020.01.28-16.17.14:605][  0]LogConfig: Setting CVar [[s.MinBulkDataSizeForAsyncLoading:131072]]
[2020.01.28-16.17.14:605][  0]LogConfig: Setting CVar [[s.AsyncLoadingThreadEnabled:0]]
[2020.01.28-16.17.14:605][  0]LogConfig: Setting CVar [[s.EventDrivenLoaderEnabled:1]]
[2020.01.28-16.17.14:605][  0]LogConfig: Setting CVar [[s.WarnIfTimeLimitExceeded:0]]
[2020.01.28-16.17.14:606][  0]LogConfig: Setting CVar [[s.TimeLimitExceededMultiplier:1.5]]
[2020.01.28-16.17.14:606][  0]LogConfig: Setting CVar [[s.TimeLimitExceededMinTime:0.005]]
[2020.01.28-16.17.14:606][  0]LogConfig: Setting CVar [[s.UseBackgroundLevelStreaming:1]]
[2020.01.28-16.17.14:606][  0]LogConfig: Setting CVar [[s.PriorityAsyncLoadingExtraTime:15.0]]
[2020.01.28-16.17.14:606][  0]LogConfig: Setting CVar [[s.LevelStreamingActorsUpdateTimeLimit:5.0]]
[2020.01.28-16.17.14:606][  0]LogConfig: Setting CVar [[s.PriorityLevelStreamingActorsUpdateExtraTime:5.0]]
[2020.01.28-16.17.14:606][  0]LogConfig: Setting CVar [[s.LevelStreamingComponentsRegistrationGranularity:10]]
[2020.01.28-16.17.14:606][  0]LogConfig: Setting CVar [[s.UnregisterComponentsTimeLimit:1.0]]
[2020.01.28-16.17.14:606][  0]LogConfig: Setting CVar [[s.LevelStreamingComponentsUnregistrationGranularity:5]]
[2020.01.28-16.17.14:606][  0]LogConfig: Setting CVar [[s.FlushStreamingOnExit:1]]
[2020.01.28-16.17.14:606][  0]LogConfig: Applying CVar settings from Section [/Script/Engine.GarbageCollectionSettings] File [C:/Tecnocampus/3r any/2n Trimestre/Motors de Jocs/MotorDeJocs_Practica1/Practica/Saved/Config/Windows/Engine.ini]
[2020.01.28-16.17.14:606][  0]LogConfig: Setting CVar [[gc.MaxObjectsNotConsideredByGC:1]]
[2020.01.28-16.17.14:606][  0]LogConfig: Setting CVar [[gc.SizeOfPermanentObjectPool:0]]
[2020.01.28-16.17.14:606][  0]LogConfig: Setting CVar [[gc.FlushStreamingOnGC:0]]
[2020.01.28-16.17.14:606][  0]LogConfig: Setting CVar [[gc.NumRetriesBeforeForcingGC:10]]
[2020.01.28-16.17.14:606][  0]LogConfig: Setting CVar [[gc.AllowParallelGC:1]]
[2020.01.28-16.17.14:606][  0]LogConfig: Setting CVar [[gc.TimeBetweenPurgingPendingKillObjects:61.1]]
[2020.01.28-16.17.14:606][  0]LogConfig: Setting CVar [[gc.MaxObjectsInEditor:25165824]]
[2020.01.28-16.17.14:606][  0]LogConfig: Setting CVar [[gc.IncrementalBeginDestroyEnabled:1]]
[2020.01.28-16.17.14:606][  0]LogConfig: Setting CVar [[gc.CreateGCClusters:1]]
[2020.01.28-16.17.14:606][  0]LogConfig: Setting CVar [[gc.MinGCClusterSize:5]]
[2020.01.28-16.17.14:606][  0]LogConfig: Setting CVar [[gc.ActorClusteringEnabled:0]]
[2020.01.28-16.17.14:606][  0]LogConfig: Setting CVar [[gc.BlueprintClusteringEnabled:0]]
[2020.01.28-16.17.14:606][  0]LogConfig: Setting CVar [[gc.UseDisregardForGCOnDedicatedServers:0]]
[2020.01.28-16.17.14:606][  0]LogConfig: Applying CVar settings from Section [/Script/Engine.NetworkSettings] File [C:/Tecnocampus/3r any/2n Trimestre/Motors de Jocs/MotorDeJocs_Practica1/Practica/Saved/Config/Windows/Engine.ini]
[2020.01.28-16.17.14:606][  0]LogConfig: Applying CVar settings from Section [/Script/UnrealEd.CookerSettings] File [C:/Tecnocampus/3r any/2n Trimestre/Motors de Jocs/MotorDeJocs_Practica1/Practica/Saved/Config/Windows/Engine.ini]
[2020.01.28-16.17.14:663][  0]LogConfig: Applying CVar settings from Section [ViewDistanceQuality@3] File [C:/Tecnocampus/3r any/2n Trimestre/Motors de Jocs/MotorDeJocs_Practica1/Practica/Saved/Config/Windows/Scalability.ini]
[2020.01.28-16.17.14:663][  0]LogConfig: Setting CVar [[r.SkeletalMeshLODBias:0]]
[2020.01.28-16.17.14:663][  0]LogConfig: Setting CVar [[r.ViewDistanceScale:1.0]]
[2020.01.28-16.17.14:663][  0]LogConfig: Applying CVar settings from Section [AntiAliasingQuality@3] File [C:/Tecnocampus/3r any/2n Trimestre/Motors de Jocs/MotorDeJocs_Practica1/Practica/Saved/Config/Windows/Scalability.ini]
[2020.01.28-16.17.14:663][  0]LogConfig: Setting CVar [[r.PostProcessAAQuality:4]]
[2020.01.28-16.17.14:663][  0]LogConfig: Applying CVar settings from Section [ShadowQuality@3] File [C:/Tecnocampus/3r any/2n Trimestre/Motors de Jocs/MotorDeJocs_Practica1/Practica/Saved/Config/Windows/Scalability.ini]
[2020.01.28-16.17.14:663][  0]LogConfig: Setting CVar [[r.LightFunctionQuality:1]]
[2020.01.28-16.17.14:663][  0]LogConfig: Setting CVar [[r.ShadowQuality:5]]
[2020.01.28-16.17.14:663][  0]LogConfig: Setting CVar [[r.Shadow.CSM.MaxCascades:10]]
[2020.01.28-16.17.14:663][  0]LogConfig: Setting CVar [[r.Shadow.MaxResolution:2048]]
[2020.01.28-16.17.14:663][  0]LogConfig: Setting CVar [[r.Shadow.MaxCSMResolution:2048]]
[2020.01.28-16.17.14:663][  0]LogConfig: Setting CVar [[r.Shadow.RadiusThreshold:0.01]]
[2020.01.28-16.17.14:663][  0]LogConfig: Setting CVar [[r.Shadow.DistanceScale:1.0]]
[2020.01.28-16.17.14:663][  0]LogConfig: Setting CVar [[r.Shadow.CSM.TransitionScale:1.0]]
[2020.01.28-16.17.14:663][  0]LogConfig: Setting CVar [[r.Shadow.PreShadowResolutionFactor:1.0]]
[2020.01.28-16.17.14:663][  0]LogConfig: Setting CVar [[r.DistanceFieldShadowing:1]]
[2020.01.28-16.17.14:663][  0]LogConfig: Setting CVar [[r.DistanceFieldAO:1]]
[2020.01.28-16.17.14:663][  0]LogConfig: Setting CVar [[r.AOQuality:2]]
[2020.01.28-16.17.14:663][  0]LogConfig: Setting CVar [[r.VolumetricFog:1]]
[2020.01.28-16.17.14:663][  0]LogConfig: Setting CVar [[r.VolumetricFog.GridPixelSize:8]]
[2020.01.28-16.17.14:663][  0]LogConfig: Setting CVar [[r.VolumetricFog.GridSizeZ:128]]
[2020.01.28-16.17.14:663][  0]LogConfig: Setting CVar [[r.VolumetricFog.HistoryMissSupersampleCount:4]]
[2020.01.28-16.17.14:663][  0]LogConfig: Setting CVar [[r.LightMaxDrawDistanceScale:1]]
[2020.01.28-16.17.14:663][  0]LogConfig: Setting CVar [[r.CapsuleShadows:1]]
[2020.01.28-16.17.14:663][  0]LogConfig: Applying CVar settings from Section [PostProcessQuality@3] File [C:/Tecnocampus/3r any/2n Trimestre/Motors de Jocs/MotorDeJocs_Practica1/Practica/Saved/Config/Windows/Scalability.ini]
[2020.01.28-16.17.14:663][  0]LogConfig: Setting CVar [[r.MotionBlurQuality:4]]
[2020.01.28-16.17.14:663][  0]LogConfig: Setting CVar [[r.AmbientOcclusionMipLevelFactor:0.4]]
[2020.01.28-16.17.14:663][  0]LogConfig: Setting CVar [[r.AmbientOcclusionMaxQuality:100]]
[2020.01.28-16.17.14:663][  0]LogConfig: Setting CVar [[r.AmbientOcclusionLevels:-1]]
[2020.01.28-16.17.14:663][  0]LogConfig: Setting CVar [[r.AmbientOcclusionRadiusScale:1.0]]
[2020.01.28-16.17.14:663][  0]LogConfig: Setting CVar [[r.DepthOfFieldQuality:2]]
[2020.01.28-16.17.14:663][  0]LogConfig: Setting CVar [[r.RenderTargetPoolMin:400]]
[2020.01.28-16.17.14:663][  0]LogConfig: Setting CVar [[r.LensFlareQuality:2]]
[2020.01.28-16.17.14:663][  0]LogConfig: Setting CVar [[r.SceneColorFringeQuality:1]]
[2020.01.28-16.17.14:663][  0]LogConfig: Setting CVar [[r.EyeAdaptationQuality:2]]
[2020.01.28-16.17.14:663][  0]LogConfig: Setting CVar [[r.BloomQuality:5]]
[2020.01.28-16.17.14:663][  0]LogConfig: Setting CVar [[r.FastBlurThreshold:100]]
[2020.01.28-16.17.14:663][  0]LogConfig: Setting CVar [[r.Upscale.Quality:3]]
[2020.01.28-16.17.14:663][  0]LogConfig: Setting CVar [[r.Tonemapper.GrainQuantization:1]]
[2020.01.28-16.17.14:663][  0]LogConfig: Setting CVar [[r.LightShaftQuality:1]]
[2020.01.28-16.17.14:663][  0]LogConfig: Setting CVar [[r.Filter.SizeScale:1]]
[2020.01.28-16.17.14:663][  0]LogConfig: Setting CVar [[r.Tonemapper.Quality:5]]
[2020.01.28-16.17.14:663][  0]LogConfig: Setting CVar [[r.DOF.Gather.AccumulatorQuality:1        ; higher gathering accumulator quality]]
[2020.01.28-16.17.14:663][  0]LogConfig: Setting CVar [[r.DOF.Gather.PostfilterMethod:1          ; Median3x3 postfilering method]]
[2020.01.28-16.17.14:663][  0]LogConfig: Setting CVar [[r.DOF.Gather.EnableBokehSettings:0       ; no bokeh simulation when gathering]]
[2020.01.28-16.17.14:663][  0]LogConfig: Setting CVar [[r.DOF.Gather.RingCount:4                 ; medium number of samples when gathering]]
[2020.01.28-16.17.14:663][  0]LogConfig: Setting CVar [[r.DOF.Scatter.ForegroundCompositing:1    ; additive foreground scattering]]
[2020.01.28-16.17.14:663][  0]LogConfig: Setting CVar [[r.DOF.Scatter.BackgroundCompositing:2    ; additive background scattering]]
[2020.01.28-16.17.14:663][  0]LogConfig: Setting CVar [[r.DOF.Scatter.EnableBokehSettings:1      ; bokeh simulation when scattering]]
[2020.01.28-16.17.14:663][  0]LogConfig: Setting CVar [[r.DOF.Scatter.MaxSpriteRatio:0.1         ; only a maximum of 10% of scattered bokeh]]
[2020.01.28-16.17.14:663][  0]LogConfig: Setting CVar [[r.DOF.Recombine.Quality:1                ; cheap slight out of focus]]
[2020.01.28-16.17.14:663][  0]LogConfig: Setting CVar [[r.DOF.Recombine.EnableBokehSettings:0    ; no bokeh simulation on slight out of focus]]
[2020.01.28-16.17.14:663][  0]LogConfig: Setting CVar [[r.DOF.TemporalAAQuality:1                ; more stable temporal accumulation]]
[2020.01.28-16.17.14:663][  0]LogConfig: Setting CVar [[r.DOF.Kernel.MaxForegroundRadius:0.025]]
[2020.01.28-16.17.14:663][  0]LogConfig: Setting CVar [[r.DOF.Kernel.MaxBackgroundRadius:0.025]]
[2020.01.28-16.17.14:663][  0]LogConfig: Applying CVar settings from Section [TextureQuality@3] File [C:/Tecnocampus/3r any/2n Trimestre/Motors de Jocs/MotorDeJocs_Practica1/Practica/Saved/Config/Windows/Scalability.ini]
[2020.01.28-16.17.14:663][  0]LogConfig: Setting CVar [[r.Streaming.MipBias:0]]
[2020.01.28-16.17.14:663][  0]LogConfig: Setting CVar [[r.Streaming.AmortizeCPUToGPUCopy:0]]
[2020.01.28-16.17.14:663][  0]LogConfig: Setting CVar [[r.Streaming.MaxNumTexturesToStreamPerFrame:0]]
[2020.01.28-16.17.14:663][  0]LogConfig: Setting CVar [[r.Streaming.Boost:1]]
[2020.01.28-16.17.14:663][  0]LogConfig: Setting CVar [[r.MaxAnisotropy:8]]
[2020.01.28-16.17.14:663][  0]LogConfig: Setting CVar [[r.VT.MaxAnisotropy:8]]
[2020.01.28-16.17.14:663][  0]LogConfig: Setting CVar [[r.Streaming.LimitPoolSizeToVRAM:0]]
[2020.01.28-16.17.14:663][  0]LogConfig: Setting CVar [[r.Streaming.PoolSize:1000]]
[2020.01.28-16.17.14:663][  0]LogConfig: Setting CVar [[r.Streaming.MaxEffectiveScreenSize:0]]
[2020.01.28-16.17.14:663][  0]LogConfig: Applying CVar settings from Section [EffectsQuality@3] File [C:/Tecnocampus/3r any/2n Trimestre/Motors de Jocs/MotorDeJocs_Practica1/Practica/Saved/Config/Windows/Scalability.ini]
[2020.01.28-16.17.14:663][  0]LogConfig: Setting CVar [[r.TranslucencyLightingVolumeDim:64]]
[2020.01.28-16.17.14:663][  0]LogConfig: Setting CVar [[r.RefractionQuality:2]]
[2020.01.28-16.17.14:663][  0]LogConfig: Setting CVar [[r.SSR.Quality:3]]
[2020.01.28-16.17.14:663][  0]LogConfig: Setting CVar [[r.SSR.HalfResSceneColor:0]]
[2020.01.28-16.17.14:663][  0]LogConfig: Setting CVar [[r.SceneColorFormat:4]]
[2020.01.28-16.17.14:663][  0]LogConfig: Setting CVar [[r.DetailMode:2]]
[2020.01.28-16.17.14:663][  0]LogConfig: Setting CVar [[r.TranslucencyVolumeBlur:1]]
[2020.01.28-16.17.14:663][  0]LogConfig: Setting CVar [[r.MaterialQualityLevel:1 ; High quality]]
[2020.01.28-16.17.14:663][  0]LogConfig: Setting CVar [[r.SSS.Scale:1]]
[2020.01.28-16.17.14:663][  0]LogConfig: Setting CVar [[r.SSS.SampleSet:2]]
[2020.01.28-16.17.14:663][  0]LogConfig: Setting CVar [[r.SSS.Quality:1]]
[2020.01.28-16.17.14:663][  0]LogConfig: Setting CVar [[r.SSS.HalfRes:1]]
[2020.01.28-16.17.14:663][  0]LogConfig: Setting CVar [[r.SSGI.Quality:3]]
[2020.01.28-16.17.14:663][  0]LogConfig: Setting CVar [[r.EmitterSpawnRateScale:1.0]]
[2020.01.28-16.17.14:663][  0]LogConfig: Setting CVar [[r.ParticleLightQuality:2]]
[2020.01.28-16.17.14:663][  0]LogConfig: Setting CVar [[r.SkyAtmosphere.AerialPerspectiveLUT.FastApplyOnOpaque:1 ; Always have FastSkyLUT 1 in this case to avoid wrong sky]]
[2020.01.28-16.17.14:663][  0]LogConfig: Setting CVar [[r.SkyAtmosphere.AerialPerspectiveLUT.SampleCountPerSlice:1]]
[2020.01.28-16.17.14:663][  0]LogConfig: Setting CVar [[r.SkyAtmosphere.AerialPerspectiveLUT.DepthResolution:16.0]]
[2020.01.28-16.17.14:663][  0]LogConfig: Setting CVar [[r.SkyAtmosphere.FastSkyLUT:1]]
[2020.01.28-16.17.14:664][  0]LogConfig: Setting CVar [[r.SkyAtmosphere.FastSkyLUT.SampleCountMin:4.0]]
[2020.01.28-16.17.14:664][  0]LogConfig: Setting CVar [[r.SkyAtmosphere.FastSkyLUT.SampleCountMax:32.0]]
[2020.01.28-16.17.14:664][  0]LogConfig: Setting CVar [[r.SkyAtmosphere.SampleCountMin:4.0]]
[2020.01.28-16.17.14:664][  0]LogConfig: Setting CVar [[r.SkyAtmosphere.SampleCountMax:32.0]]
[2020.01.28-16.17.14:664][  0]LogConfig: Setting CVar [[r.SkyAtmosphere.TransmittanceLUT.UseSmallFormat:0]]
[2020.01.28-16.17.14:664][  0]LogConfig: Setting CVar [[r.SkyAtmosphere.TransmittanceLUT.SampleCount:10.0]]
[2020.01.28-16.17.14:664][  0]LogConfig: Setting CVar [[r.SkyAtmosphere.MultiScatteringLUT.SampleCount:15.0]]
[2020.01.28-16.17.14:664][  0]LogConfig: Applying CVar settings from Section [FoliageQuality@3] File [C:/Tecnocampus/3r any/2n Trimestre/Motors de Jocs/MotorDeJocs_Practica1/Practica/Saved/Config/Windows/Scalability.ini]
[2020.01.28-16.17.14:664][  0]LogConfig: Setting CVar [[foliage.DensityScale:1.0]]
[2020.01.28-16.17.14:664][  0]LogConfig: Setting CVar [[grass.DensityScale:1.0]]
[2020.01.28-16.17.14:664][  0]LogConfig: Applying CVar settings from Section [ShadingQuality@3] File [C:/Tecnocampus/3r any/2n Trimestre/Motors de Jocs/MotorDeJocs_Practica1/Practica/Saved/Config/Windows/Scalability.ini]
[2020.01.28-16.17.14:664][  0]LogConfig: Setting CVar [[r.HairStrands.SkyLighting.SampleCount:16]]
[2020.01.28-16.17.14:664][  0]LogConfig: Setting CVar [[r.HairStrands.SkyLighting.JitterIntegration:0]]
[2020.01.28-16.17.14:664][  0]LogConfig: Setting CVar [[r.HairStrands.SkyAO.SampleCount:16]]
[2020.01.28-16.17.14:665][  0]LogInit: Selected Device Profile: [Windows]
[2020.01.28-16.17.14:665][  0]LogInit: Applying CVar settings loaded from the selected device profile: [Windows]
[2020.01.28-16.17.14:748][  0]LogHAL: Display: Platform has ~ 16 GB [17090662400 / 17179869184 / 16], which maps to Larger [LargestMinGB=32, LargerMinGB=12, DefaultMinGB=8, SmallerMinGB=6, SmallestMinGB=0)
[2020.01.28-16.17.14:748][  0]LogInit: Going up to parent DeviceProfile []
[2020.01.28-16.17.14:749][  0]LogConfig: Applying CVar settings from Section [ViewDistanceQuality@3] File [C:/Tecnocampus/3r any/2n Trimestre/Motors de Jocs/MotorDeJocs_Practica1/Practica/Saved/Config/Windows/Scalability.ini]
[2020.01.28-16.17.14:749][  0]LogConfig: Setting CVar [[r.SkeletalMeshLODBias:0]]
[2020.01.28-16.17.14:749][  0]LogConfig: Setting CVar [[r.ViewDistanceScale:1.0]]
[2020.01.28-16.17.14:749][  0]LogConfig: Applying CVar settings from Section [AntiAliasingQuality@3] File [C:/Tecnocampus/3r any/2n Trimestre/Motors de Jocs/MotorDeJocs_Practica1/Practica/Saved/Config/Windows/Scalability.ini]
[2020.01.28-16.17.14:749][  0]LogConfig: Setting CVar [[r.PostProcessAAQuality:4]]
[2020.01.28-16.17.14:749][  0]LogConfig: Applying CVar settings from Section [ShadowQuality@3] File [C:/Tecnocampus/3r any/2n Trimestre/Motors de Jocs/MotorDeJocs_Practica1/Practica/Saved/Config/Windows/Scalability.ini]
[2020.01.28-16.17.14:749][  0]LogConfig: Setting CVar [[r.LightFunctionQuality:1]]
[2020.01.28-16.17.14:749][  0]LogConfig: Setting CVar [[r.ShadowQuality:5]]
[2020.01.28-16.17.14:749][  0]LogConfig: Setting CVar [[r.Shadow.CSM.MaxCascades:10]]
[2020.01.28-16.17.14:749][  0]LogConfig: Setting CVar [[r.Shadow.MaxResolution:2048]]
[2020.01.28-16.17.14:749][  0]LogConfig: Setting CVar [[r.Shadow.MaxCSMResolution:2048]]
[2020.01.28-16.17.14:749][  0]LogConfig: Setting CVar [[r.Shadow.RadiusThreshold:0.01]]
[2020.01.28-16.17.14:749][  0]LogConfig: Setting CVar [[r.Shadow.DistanceScale:1.0]]
[2020.01.28-16.17.14:749][  0]LogConfig: Setting CVar [[r.Shadow.CSM.TransitionScale:1.0]]
[2020.01.28-16.17.14:749][  0]LogConfig: Setting CVar [[r.Shadow.PreShadowResolutionFactor:1.0]]
[2020.01.28-16.17.14:749][  0]LogConfig: Setting CVar [[r.DistanceFieldShadowing:1]]
[2020.01.28-16.17.14:749][  0]LogConfig: Setting CVar [[r.DistanceFieldAO:1]]
[2020.01.28-16.17.14:749][  0]LogConfig: Setting CVar [[r.AOQuality:2]]
[2020.01.28-16.17.14:749][  0]LogConfig: Setting CVar [[r.VolumetricFog:1]]
[2020.01.28-16.17.14:749][  0]LogConfig: Setting CVar [[r.VolumetricFog.GridPixelSize:8]]
[2020.01.28-16.17.14:749][  0]LogConfig: Setting CVar [[r.VolumetricFog.GridSizeZ:128]]
[2020.01.28-16.17.14:749][  0]LogConfig: Setting CVar [[r.VolumetricFog.HistoryMissSupersampleCount:4]]
[2020.01.28-16.17.14:749][  0]LogConfig: Setting CVar [[r.LightMaxDrawDistanceScale:1]]
[2020.01.28-16.17.14:749][  0]LogConfig: Setting CVar [[r.CapsuleShadows:1]]
[2020.01.28-16.17.14:749][  0]LogConfig: Applying CVar settings from Section [PostProcessQuality@3] File [C:/Tecnocampus/3r any/2n Trimestre/Motors de Jocs/MotorDeJocs_Practica1/Practica/Saved/Config/Windows/Scalability.ini]
[2020.01.28-16.17.14:749][  0]LogConfig: Setting CVar [[r.MotionBlurQuality:4]]
[2020.01.28-16.17.14:749][  0]LogConfig: Setting CVar [[r.AmbientOcclusionMipLevelFactor:0.4]]
[2020.01.28-16.17.14:749][  0]LogConfig: Setting CVar [[r.AmbientOcclusionMaxQuality:100]]
[2020.01.28-16.17.14:749][  0]LogConfig: Setting CVar [[r.AmbientOcclusionLevels:-1]]
[2020.01.28-16.17.14:749][  0]LogConfig: Setting CVar [[r.AmbientOcclusionRadiusScale:1.0]]
[2020.01.28-16.17.14:749][  0]LogConfig: Setting CVar [[r.DepthOfFieldQuality:2]]
[2020.01.28-16.17.14:749][  0]LogConfig: Setting CVar [[r.RenderTargetPoolMin:400]]
[2020.01.28-16.17.14:749][  0]LogConfig: Setting CVar [[r.LensFlareQuality:2]]
[2020.01.28-16.17.14:749][  0]LogConfig: Setting CVar [[r.SceneColorFringeQuality:1]]
[2020.01.28-16.17.14:749][  0]LogConfig: Setting CVar [[r.EyeAdaptationQuality:2]]
[2020.01.28-16.17.14:749][  0]LogConfig: Setting CVar [[r.BloomQuality:5]]
[2020.01.28-16.17.14:749][  0]LogConfig: Setting CVar [[r.FastBlurThreshold:100]]
[2020.01.28-16.17.14:749][  0]LogConfig: Setting CVar [[r.Upscale.Quality:3]]
[2020.01.28-16.17.14:749][  0]LogConfig: Setting CVar [[r.Tonemapper.GrainQuantization:1]]
[2020.01.28-16.17.14:749][  0]LogConfig: Setting CVar [[r.LightShaftQuality:1]]
[2020.01.28-16.17.14:749][  0]LogConfig: Setting CVar [[r.Filter.SizeScale:1]]
[2020.01.28-16.17.14:749][  0]LogConfig: Setting CVar [[r.Tonemapper.Quality:5]]
[2020.01.28-16.17.14:749][  0]LogConfig: Setting CVar [[r.DOF.Gather.AccumulatorQuality:1        ; higher gathering accumulator quality]]
[2020.01.28-16.17.14:749][  0]LogConfig: Setting CVar [[r.DOF.Gather.PostfilterMethod:1          ; Median3x3 postfilering method]]
[2020.01.28-16.17.14:749][  0]LogConfig: Setting CVar [[r.DOF.Gather.EnableBokehSettings:0       ; no bokeh simulation when gathering]]
[2020.01.28-16.17.14:749][  0]LogConfig: Setting CVar [[r.DOF.Gather.RingCount:4                 ; medium number of samples when gathering]]
[2020.01.28-16.17.14:749][  0]LogConfig: Setting CVar [[r.DOF.Scatter.ForegroundCompositing:1    ; additive foreground scattering]]
[2020.01.28-16.17.14:749][  0]LogConfig: Setting CVar [[r.DOF.Scatter.BackgroundCompositing:2    ; additive background scattering]]
[2020.01.28-16.17.14:749][  0]LogConfig: Setting CVar [[r.DOF.Scatter.EnableBokehSettings:1      ; bokeh simulation when scattering]]
[2020.01.28-16.17.14:749][  0]LogConfig: Setting CVar [[r.DOF.Scatter.MaxSpriteRatio:0.1         ; only a maximum of 10% of scattered bokeh]]
[2020.01.28-16.17.14:749][  0]LogConfig: Setting CVar [[r.DOF.Recombine.Quality:1                ; cheap slight out of focus]]
[2020.01.28-16.17.14:749][  0]LogConfig: Setting CVar [[r.DOF.Recombine.EnableBokehSettings:0    ; no bokeh simulation on slight out of focus]]
[2020.01.28-16.17.14:749][  0]LogConfig: Setting CVar [[r.DOF.TemporalAAQuality:1                ; more stable temporal accumulation]]
[2020.01.28-16.17.14:749][  0]LogConfig: Setting CVar [[r.DOF.Kernel.MaxForegroundRadius:0.025]]
[2020.01.28-16.17.14:749][  0]LogConfig: Setting CVar [[r.DOF.Kernel.MaxBackgroundRadius:0.025]]
[2020.01.28-16.17.14:750][  0]LogConfig: Applying CVar settings from Section [TextureQuality@3] File [C:/Tecnocampus/3r any/2n Trimestre/Motors de Jocs/MotorDeJocs_Practica1/Practica/Saved/Config/Windows/Scalability.ini]
[2020.01.28-16.17.14:750][  0]LogConfig: Setting CVar [[r.Streaming.MipBias:0]]
[2020.01.28-16.17.14:750][  0]LogConfig: Setting CVar [[r.Streaming.AmortizeCPUToGPUCopy:0]]
[2020.01.28-16.17.14:750][  0]LogConfig: Setting CVar [[r.Streaming.MaxNumTexturesToStreamPerFrame:0]]
[2020.01.28-16.17.14:750][  0]LogConfig: Setting CVar [[r.Streaming.Boost:1]]
[2020.01.28-16.17.14:750][  0]LogConfig: Setting CVar [[r.MaxAnisotropy:8]]
[2020.01.28-16.17.14:750][  0]LogConfig: Setting CVar [[r.VT.MaxAnisotropy:8]]
[2020.01.28-16.17.14:750][  0]LogConfig: Setting CVar [[r.Streaming.LimitPoolSizeToVRAM:0]]
[2020.01.28-16.17.14:750][  0]LogConfig: Setting CVar [[r.Streaming.PoolSize:1000]]
[2020.01.28-16.17.14:750][  0]LogConfig: Setting CVar [[r.Streaming.MaxEffectiveScreenSize:0]]
[2020.01.28-16.17.14:750][  0]LogConfig: Applying CVar settings from Section [EffectsQuality@3] File [C:/Tecnocampus/3r any/2n Trimestre/Motors de Jocs/MotorDeJocs_Practica1/Practica/Saved/Config/Windows/Scalability.ini]
[2020.01.28-16.17.14:750][  0]LogConfig: Setting CVar [[r.TranslucencyLightingVolumeDim:64]]
[2020.01.28-16.17.14:750][  0]LogConfig: Setting CVar [[r.RefractionQuality:2]]
[2020.01.28-16.17.14:750][  0]LogConfig: Setting CVar [[r.SSR.Quality:3]]
[2020.01.28-16.17.14:750][  0]LogConfig: Setting CVar [[r.SSR.HalfResSceneColor:0]]
[2020.01.28-16.17.14:750][  0]LogConfig: Setting CVar [[r.SceneColorFormat:4]]
[2020.01.28-16.17.14:750][  0]LogConfig: Setting CVar [[r.DetailMode:2]]
[2020.01.28-16.17.14:750][  0]LogConfig: Setting CVar [[r.TranslucencyVolumeBlur:1]]
[2020.01.28-16.17.14:750][  0]LogConfig: Setting CVar [[r.MaterialQualityLevel:1 ; High quality]]
[2020.01.28-16.17.14:750][  0]LogConfig: Setting CVar [[r.SSS.Scale:1]]
[2020.01.28-16.17.14:750][  0]LogConfig: Setting CVar [[r.SSS.SampleSet:2]]
[2020.01.28-16.17.14:750][  0]LogConfig: Setting CVar [[r.SSS.Quality:1]]
[2020.01.28-16.17.14:750][  0]LogConfig: Setting CVar [[r.SSS.HalfRes:1]]
[2020.01.28-16.17.14:750][  0]LogConfig: Setting CVar [[r.SSGI.Quality:3]]
[2020.01.28-16.17.14:750][  0]LogConfig: Setting CVar [[r.EmitterSpawnRateScale:1.0]]
[2020.01.28-16.17.14:750][  0]LogConfig: Setting CVar [[r.ParticleLightQuality:2]]
[2020.01.28-16.17.14:750][  0]LogConfig: Setting CVar [[r.SkyAtmosphere.AerialPerspectiveLUT.FastApplyOnOpaque:1 ; Always have FastSkyLUT 1 in this case to avoid wrong sky]]
[2020.01.28-16.17.14:750][  0]LogConfig: Setting CVar [[r.SkyAtmosphere.AerialPerspectiveLUT.SampleCountPerSlice:1]]
[2020.01.28-16.17.14:750][  0]LogConfig: Setting CVar [[r.SkyAtmosphere.AerialPerspectiveLUT.DepthResolution:16.0]]
[2020.01.28-16.17.14:750][  0]LogConfig: Setting CVar [[r.SkyAtmosphere.FastSkyLUT:1]]
[2020.01.28-16.17.14:750][  0]LogConfig: Setting CVar [[r.SkyAtmosphere.FastSkyLUT.SampleCountMin:4.0]]
[2020.01.28-16.17.14:750][  0]LogConfig: Setting CVar [[r.SkyAtmosphere.FastSkyLUT.SampleCountMax:32.0]]
[2020.01.28-16.17.14:750][  0]LogConfig: Setting CVar [[r.SkyAtmosphere.SampleCountMin:4.0]]
[2020.01.28-16.17.14:750][  0]LogConfig: Setting CVar [[r.SkyAtmosphere.SampleCountMax:32.0]]
[2020.01.28-16.17.14:750][  0]LogConfig: Setting CVar [[r.SkyAtmosphere.TransmittanceLUT.UseSmallFormat:0]]
[2020.01.28-16.17.14:750][  0]LogConfig: Setting CVar [[r.SkyAtmosphere.TransmittanceLUT.SampleCount:10.0]]
[2020.01.28-16.17.14:750][  0]LogConfig: Setting CVar [[r.SkyAtmosphere.MultiScatteringLUT.SampleCount:15.0]]
[2020.01.28-16.17.14:750][  0]LogConfig: Applying CVar settings from Section [FoliageQuality@3] File [C:/Tecnocampus/3r any/2n Trimestre/Motors de Jocs/MotorDeJocs_Practica1/Practica/Saved/Config/Windows/Scalability.ini]
[2020.01.28-16.17.14:750][  0]LogConfig: Setting CVar [[foliage.DensityScale:1.0]]
[2020.01.28-16.17.14:750][  0]LogConfig: Setting CVar [[grass.DensityScale:1.0]]
[2020.01.28-16.17.14:750][  0]LogConfig: Applying CVar settings from Section [ShadingQuality@3] File [C:/Tecnocampus/3r any/2n Trimestre/Motors de Jocs/MotorDeJocs_Practica1/Practica/Saved/Config/Windows/Scalability.ini]
[2020.01.28-16.17.14:750][  0]LogConfig: Setting CVar [[r.HairStrands.SkyLighting.SampleCount:16]]
[2020.01.28-16.17.14:750][  0]LogConfig: Setting CVar [[r.HairStrands.SkyLighting.JitterIntegration:0]]
[2020.01.28-16.17.14:750][  0]LogConfig: Setting CVar [[r.HairStrands.SkyAO.SampleCount:16]]
[2020.01.28-16.17.14:750][  0]LogConfig: Applying CVar settings from Section [Startup] File [../../../Engine/Config/ConsoleVariables.ini]
[2020.01.28-16.17.14:810][  0]LogConfig: Setting CVar [[net.UseAdaptiveNetUpdateFrequency:0]]
[2020.01.28-16.17.14:811][  0]LogConfig: Setting CVar [[p.chaos.AllowCreatePhysxBodies:1]]
[2020.01.28-16.17.14:811][  0]LogConfig: Applying CVar settings from Section [ConsoleVariables] File [C:/Tecnocampus/3r any/2n Trimestre/Motors de Jocs/MotorDeJocs_Practica1/Practica/Saved/Config/Windows/Engine.ini]
[2020.01.28-16.17.14:855][  0]LogInit: Computer: DESKTOP-5S9F4DM
[2020.01.28-16.17.14:855][  0]LogInit: User: MarkuzSenpai
[2020.01.28-16.17.14:855][  0]LogInit: CPU Page size=4096, Cores=4
[2020.01.28-16.17.14:855][  0]LogInit: High frequency timer resolution =10.000000 MHz
[2020.01.28-16.17.14:871][  0]LogMemory: Memory total: Physical=15.9GB (16GB approx)
[2020.01.28-16.17.14:872][  0]LogMemory: Platform Memory Stats for Windows
[2020.01.28-16.17.14:872][  0]LogMemory: Process Physical Memory: 104.85 MB used, 104.85 MB peak
[2020.01.28-16.17.14:872][  0]LogMemory: Process Virtual Memory: 100.26 MB used, 100.26 MB peak
[2020.01.28-16.17.14:872][  0]LogMemory: Physical Memory: 5535.45 MB used,  10763.48 MB free, 16298.93 MB total
[2020.01.28-16.17.14:872][  0]LogMemory: Virtual Memory: 5151.94 MB used,  134212576.00 MB free, 134217728.00 MB total
[2020.01.28-16.17.14:917][  0]LogWindows: WindowsPlatformFeatures enabled
[2020.01.28-16.17.16:187][  0]LogInit: Overriding language with editor language configuration option (en).
[2020.01.28-16.17.16:187][  0]LogInit: Overriding locale with editor locale configuration option (en).
[2020.01.28-16.17.17:090][  0]LogInit: Setting process to per monitor DPI aware
[2020.01.28-16.17.17:622][  0]LogSlate: New Slate User Created.  User Index 0, Is Virtual User: 0
[2020.01.28-16.17.17:622][  0]LogSlate: Slate User Registered.  User Index 0, Is Virtual User: 0
[2020.01.28-16.17.27:095][  0]LogHMD: Failed to initialize OpenVR with code 110
[2020.01.28-16.17.27:095][  0]LogD3D11RHI: D3D11 min allowed feature level: 11_0
[2020.01.28-16.17.27:095][  0]LogD3D11RHI: D3D11 max allowed feature level: 11_0
[2020.01.28-16.17.27:095][  0]LogD3D11RHI: D3D11 adapters:
[2020.01.28-16.17.27:338][  0]LogD3D11RHI:    0. 'NVIDIA GeForce GTX 1050' (Feature Level 11_0)
[2020.01.28-16.17.27:338][  0]LogD3D11RHI:       4021/0/8149 MB DedicatedVideo/DedicatedSystem/SharedSystem, Outputs:1, VendorId:0x10de
[2020.01.28-16.17.27:357][  0]LogD3D11RHI:    1. 'Intel(R) HD Graphics 630' (Feature Level 11_0)
[2020.01.28-16.17.27:357][  0]LogD3D11RHI:       128/0/8149 MB DedicatedVideo/DedicatedSystem/SharedSystem, Outputs:0, VendorId:0x8086
[2020.01.28-16.17.27:359][  0]LogD3D11RHI:    2. 'Microsoft Basic Render Driver' (Feature Level 11_0)
[2020.01.28-16.17.27:359][  0]LogD3D11RHI:       0/0/8149 MB DedicatedVideo/DedicatedSystem/SharedSystem, Outputs:0, VendorId:0x1414
[2020.01.28-16.17.27:359][  0]LogD3D11RHI: Chosen D3D11 Adapter: 0
[2020.01.28-16.17.27:449][  0]LogD3D11RHI: Creating new Direct3DDevice
[2020.01.28-16.17.27:463][  0]LogD3D11RHI:     GPU DeviceId: 0x1c8d (for the marketing name, search the web for "GPU Device Id")
[2020.01.28-16.17.27:463][  0]LogWindows: EnumDisplayDevices:
[2020.01.28-16.17.27:463][  0]LogWindows:    0. 'Intel(R) HD Graphics 630' (P:1 D:1)
[2020.01.28-16.17.27:464][  0]LogWindows:    1. 'Intel(R) HD Graphics 630' (P:0 D:0)
[2020.01.28-16.17.27:464][  0]LogWindows:    2. 'Intel(R) HD Graphics 630' (P:0 D:0)
[2020.01.28-16.17.27:464][  0]LogWindows: DebugString: PrimaryIsNotTheChoosenAdapter PrimaryIsNotTheChoosenAdapter PrimaryIsNotTheChoosenAdapter FoundDriverCount:0 
[2020.01.28-16.17.27:464][  0]LogD3D11RHI:     Adapter Name: NVIDIA GeForce GTX 1050
[2020.01.28-16.17.27:464][  0]LogD3D11RHI:   Driver Version: Unknown (internal:Unknown, unified:Unknown)
[2020.01.28-16.17.27:464][  0]LogD3D11RHI:      Driver Date: Unknown
[2020.01.28-16.17.27:464][  0]LogRHI: Texture pool is 2814 MB (70% of 4021 MB)
[2020.01.28-16.17.27:555][  0]LogD3D11RHI: RHI has support for 64 bit atomics
[2020.01.28-16.17.27:557][  0]LogD3D11RHI: Async texture creation enabled
[2020.01.28-16.17.27:941][  0]LogD3D11RHI: GPU Timing Frequency: 1000.000000 (Debug: 2 4)
[2020.01.28-16.17.29:239][  0]LogTargetPlatformManager: Display: Loaded TargetPlatform 'AllDesktop'
[2020.01.28-16.17.29:318][  0]LogTargetPlatformManager: Display: Loaded TargetPlatform 'Android'
[2020.01.28-16.17.29:318][  0]LogTargetPlatformManager: Display: Loaded TargetPlatform 'Android_ASTC'
[2020.01.28-16.17.29:318][  0]LogTargetPlatformManager: Display: Loaded TargetPlatform 'Android_ATC'
[2020.01.28-16.17.29:318][  0]LogTargetPlatformManager: Display: Loaded TargetPlatform 'Android_DXT'
[2020.01.28-16.17.29:318][  0]LogTargetPlatformManager: Display: Loaded TargetPlatform 'Android_ETC1'
[2020.01.28-16.17.29:318][  0]LogTargetPlatformManager: Display: Loaded TargetPlatform 'Android_ETC1a'
[2020.01.28-16.17.29:318][  0]LogTargetPlatformManager: Display: Loaded TargetPlatform 'Android_ETC2'
[2020.01.28-16.17.29:318][  0]LogTargetPlatformManager: Display: Loaded TargetPlatform 'Android_PVRTC'
[2020.01.28-16.17.29:318][  0]LogTargetPlatformManager: Display: Loaded TargetPlatform 'AndroidClient'
[2020.01.28-16.17.29:318][  0]LogTargetPlatformManager: Display: Loaded TargetPlatform 'Android_ASTCClient'
[2020.01.28-16.17.29:318][  0]LogTargetPlatformManager: Display: Loaded TargetPlatform 'Android_ATCClient'
[2020.01.28-16.17.29:318][  0]LogTargetPlatformManager: Display: Loaded TargetPlatform 'Android_DXTClient'
[2020.01.28-16.17.29:318][  0]LogTargetPlatformManager: Display: Loaded TargetPlatform 'Android_ETC1Client'
[2020.01.28-16.17.29:318][  0]LogTargetPlatformManager: Display: Loaded TargetPlatform 'Android_ETC1aClient'
[2020.01.28-16.17.29:318][  0]LogTargetPlatformManager: Display: Loaded TargetPlatform 'Android_ETC2Client'
[2020.01.28-16.17.29:318][  0]LogTargetPlatformManager: Display: Loaded TargetPlatform 'Android_PVRTCClient'
[2020.01.28-16.17.29:318][  0]LogTargetPlatformManager: Display: Loaded TargetPlatform 'Android_Multi'
[2020.01.28-16.17.29:318][  0]LogTargetPlatformManager: Display: Loaded TargetPlatform 'Android_MultiClient'
[2020.01.28-16.17.29:433][  0]LogTargetPlatformManager: Display: Loaded TargetPlatform 'IOSClient'
[2020.01.28-16.17.29:433][  0]LogTargetPlatformManager: Display: Loaded TargetPlatform 'IOS'
[2020.01.28-16.17.29:452][  0]LogTargetPlatformManager: Display: Loaded TargetPlatform 'LinuxNoEditor'
[2020.01.28-16.17.29:483][  0]LogTargetPlatformManager: Display: Loaded TargetPlatform 'LinuxClient'
[2020.01.28-16.17.29:510][  0]LogTargetPlatformManager: Display: Loaded TargetPlatform 'LinuxServer'
[2020.01.28-16.17.29:535][  0]LogTargetPlatformManager: Display: Loaded TargetPlatform 'LinuxAArch64NoEditor'
[2020.01.28-16.17.29:564][  0]LogTargetPlatformManager: Display: Loaded TargetPlatform 'LinuxAArch64Client'
[2020.01.28-16.17.29:579][  0]LogTargetPlatformManager: Display: Loaded TargetPlatform 'LinuxAArch64Server'
[2020.01.28-16.17.29:615][  0]LogTargetPlatformManager: Display: Loaded TargetPlatform 'Lumin'
[2020.01.28-16.17.29:615][  0]LogTargetPlatformManager: Display: Loaded TargetPlatform 'LuminClient'
[2020.01.28-16.17.29:650][  0]LogTargetPlatformManager: Display: Loaded TargetPlatform 'TVOSClient'
[2020.01.28-16.17.29:650][  0]LogTargetPlatformManager: Display: Loaded TargetPlatform 'TVOS'
[2020.01.28-16.17.29:699][  0]LogTargetPlatformManager: Display: Loaded TargetPlatform 'WindowsNoEditor'
[2020.01.28-16.17.29:721][  0]LogTargetPlatformManager: Display: Loaded TargetPlatform 'Windows'
[2020.01.28-16.17.29:739][  0]LogTargetPlatformManager: Display: Loaded TargetPlatform 'WindowsClient'
[2020.01.28-16.17.29:773][  0]LogTargetPlatformManager: Display: Loaded TargetPlatform 'WindowsServer'
[2020.01.28-16.17.29:773][  0]LogTargetPlatformManager: Display: Building Assets For Windows
[2020.01.28-16.17.29:991][  0]LogAudioDebug: Display: Lib vorbis DLL was dynamically loaded.
[2020.01.28-16.17.30:601][  0]LogShaderCompilers: Guid format shader working directory is -42 characters bigger than the processId version (../../../../../../Tecnocampus/3r any/2n Trimestre/Motors de Jocs/MotorDeJocs_Practica1/Practica/Intermediate/Shaders/WorkingDirectory/11956/).
[2020.01.28-16.17.30:601][  0]LogShaderCompilers: Cleaned the shader compiler working directory 'C:/Users/Markuz Senpai/AppData/Local/Temp/UnrealShaderWorkingDir/30694F8646DAA043E373F3999B7E5A99/'.
[2020.01.28-16.17.30:614][  0]LogXGEController: Cleaning working directory: C:/Users/Markuz Senpai/AppData/Local/Temp/UnrealXGEWorkingDir/
[2020.01.28-16.17.30:615][  0]LogXGEController: Cannot use XGE Controller as Incredibuild is not installed on this machine.
[2020.01.28-16.17.30:615][  0]LogShaderCompilers: Cannot use XGE Shader Compiler as Incredibuild is not installed on this machine.
[2020.01.28-16.17.30:615][  0]LogShaderCompilers: Display: Using Local Shader Compiler.
[2020.01.28-16.17.39:618][  0]LogDerivedDataCache: Display: Max Cache Size: 512 MB
[2020.01.28-16.17.40:556][  0]LogDerivedDataCache: Loaded boot cache 0.93s 78MB C:/Users/Markuz Senpai/AppData/Local/UnrealEngine/4.24/DerivedDataCache/Boot.ddc.
[2020.01.28-16.17.40:556][  0]LogDerivedDataCache: Display: Loaded Boot cache: C:/Users/Markuz Senpai/AppData/Local/UnrealEngine/4.24/DerivedDataCache/Boot.ddc
[2020.01.28-16.17.40:556][  0]LogDerivedDataCache: FDerivedDataBackendGraph:  Pak pak cache file ../../../../../../Tecnocampus/3r any/2n Trimestre/Motors de Jocs/MotorDeJocs_Practica1/Practica/DerivedDataCache/DDC.ddp not found, will not use a pak cache.
[2020.01.28-16.17.40:556][  0]LogDerivedDataCache: Unable to find inner node Pak for hierarchical cache Hierarchy.
[2020.01.28-16.17.40:556][  0]LogDerivedDataCache: FDerivedDataBackendGraph:  CompressedPak pak cache file ../../../../../../Tecnocampus/3r any/2n Trimestre/Motors de Jocs/MotorDeJocs_Practica1/Practica/DerivedDataCache/Compressed.ddp not found, will not use a pak cache.
[2020.01.28-16.17.40:556][  0]LogDerivedDataCache: Unable to find inner node CompressedPak for hierarchical cache Hierarchy.
[2020.01.28-16.17.40:625][  0]LogDerivedDataCache: Display: Pak cache opened for reading ../../../Engine/DerivedDataCache/Compressed.ddp.
[2020.01.28-16.17.40:625][  0]LogDerivedDataCache: FDerivedDataBackendGraph:  EnterprisePak pak cache file ../../../Enterprise/DerivedDataCache/Compressed.ddp not found, will not use a pak cache.
[2020.01.28-16.17.40:625][  0]LogDerivedDataCache: Unable to find inner node EnterprisePak for hierarchical cache Hierarchy.
[2020.01.28-16.17.40:626][  0]LogDerivedDataCache: Using Local data cache path C:/Users/Markuz Senpai/AppData/Local/UnrealEngine/Common/DerivedDataCache: Writable
[2020.01.28-16.17.40:626][  0]LogDerivedDataCache: Shared data cache path not found in *engine.ini, will not use an Shared cache.
[2020.01.28-16.17.40:626][  0]LogDerivedDataCache: Unable to find inner node Shared for hierarchical cache Hierarchy.
[2020.01.28-16.17.40:728][  0]LogMaterial: Verifying Global Shaders for PCD3D_SM5
[2020.01.28-16.17.40:869][  0]LogSlate: Using FreeType 2.10.0
[2020.01.28-16.17.40:980][  0]LogSlate: SlateFontServices - WITH_FREETYPE: 1, WITH_HARFBUZZ: 1
[2020.01.28-16.17.43:565][  0]LogAssetRegistry: FAssetRegistry took 0.0055 seconds to start up
[2020.01.28-16.17.51:301][  0]LogInit: Selected Device Profile: [Windows]
[2020.01.28-16.17.53:174][  0]LogMeshReduction: Using QuadricMeshReduction for automatic static mesh reduction
[2020.01.28-16.17.53:174][  0]LogMeshReduction: Using SimplygonMeshReduction for automatic skeletal mesh reduction
[2020.01.28-16.17.53:174][  0]LogMeshReduction: Using ProxyLODMeshReduction for automatic mesh merging
[2020.01.28-16.17.53:174][  0]LogMeshReduction: No distributed automatic mesh merging module available
[2020.01.28-16.17.53:174][  0]LogMeshMerging: No distributed automatic mesh merging module available
[2020.01.28-16.17.53:790][  0]LogNetVersion: Practica 1.0.0, NetCL: 10570792, EngineNetVer: 13, GameNetVer: 0 (Checksum: 3431992854)
[2020.01.28-16.18.32:626][  0]LogPackageLocalizationCache: Processed 10 localized package path(s) for 1 prioritized culture(s) in 0.242889 seconds
[2020.01.28-16.18.32:683][  0]LogUObjectArray: 46750 objects as part of root set at end of initial load.
[2020.01.28-16.18.32:683][  0]LogUObjectAllocator: 8137160 out of 0 bytes used by permanent object pool.
[2020.01.28-16.18.32:683][  0]LogUObjectArray: CloseDisregardForGC: 0/0 objects in disregard for GC pool
[2020.01.28-16.18.54:781][  0]LogTcpMessaging: Initializing TcpMessaging bridge
[2020.01.28-16.18.54:929][  0]LogUdpMessaging: Initializing bridge on interface 0.0.0.0:0 to multicast group 230.0.0.1:6666.
[2020.01.28-16.18.58:120][  0]SourceControl: Source control is disabled
[2020.01.28-16.18.58:138][  0]SourceControl: Source control is disabled
[2020.01.28-16.18.58:473][  0]SourceControl: Source control is disabled
[2020.01.28-16.18.58:598][  0]SourceControl: Source control is disabled
[2020.01.28-16.18.58:735][  0]SourceControl: Source control is disabled
[2020.01.28-16.19.01:204][  0]LogAndroidPermission: UAndroidPermissionCallbackProxy::GetInstance
[2020.01.28-16.19.01:495][  0]LogAudioCaptureCore: Display: No Audio Capture implementations found. Audio input will be silent.
[2020.01.28-16.19.01:495][  0]LogAudioCaptureCore: Display: No Audio Capture implementations found. Audio input will be silent.
[2020.01.28-16.19.02:351][  0]LogOcInput: OculusInput pre-init called
[2020.01.28-16.19.02:416][  0]LogWindows: Failed to load 'OVRPlugin.dll' (GetLastError=126)
[2020.01.28-16.19.02:416][  0]LogWindows: File 'OVRPlugin.dll' does not exist
[2020.01.28-16.19.03:722][  0]LogEngine: Initializing Engine...
[2020.01.28-16.19.03:755][  0]LogHMD: Failed to initialize OpenVR with code 110
[2020.01.28-16.19.03:830][  0]LogStats: UGameplayTagsManager::InitializeManager -  0.033 s
[2020.01.28-16.19.05:773][  0]LogInit: Initializing FReadOnlyCVARCache
[2020.01.28-16.19.06:869][  0]LogAIModule: Creating AISystem for world Untitled
[2020.01.28-16.19.07:466][  0]LogAudioMixer: Display: Audio Mixer Platform Settings:
[2020.01.28-16.19.07:466][  0]LogAudioMixer: Display: 	Sample Rate:						  48000
[2020.01.28-16.19.07:466][  0]LogAudioMixer: Display: 	Callback Buffer Frame Size Requested: 1024
[2020.01.28-16.19.07:466][  0]LogAudioMixer: Display: 	Callback Buffer Frame Size To Use:	  1024
[2020.01.28-16.19.07:466][  0]LogAudioMixer: Display: 	Number of buffers to queue:			  2
[2020.01.28-16.19.07:466][  0]LogAudioMixer: Display: 	Max Channels (voices):				  32
[2020.01.28-16.19.07:466][  0]LogAudioMixer: Display: 	Number of Async Source Workers:		  0
[2020.01.28-16.19.07:466][  0]LogAudio: Display: AudioDevice MaxSources: 32
[2020.01.28-16.19.07:520][  0]LogAudio: Display: Using built-in audio occlusion.
[2020.01.28-16.19.07:520][  0]LogAudioMixer: Display: Initializing audio mixer.
[2020.01.28-16.19.07:810][  0]LogAudioMixer: Display: Audio Device Output Speaker Info:
[2020.01.28-16.19.07:810][  0]LogAudioMixer: Display: Name: Altavoces (Realtek High Definition Audio)
[2020.01.28-16.19.07:810][  0]LogAudioMixer: Display: Is Default: Yes
[2020.01.28-16.19.07:810][  0]LogAudioMixer: Display: Sample Rate: 192000
[2020.01.28-16.19.07:810][  0]LogAudioMixer: Display: Channel Count Used: 2
[2020.01.28-16.19.07:810][  0]LogAudioMixer: Display: Device Channel Count: 2
[2020.01.28-16.19.07:810][  0]LogAudioMixer: Display: Channel Order:
[2020.01.28-16.19.07:810][  0]LogAudioMixer: Display: 0: FrontLeft
[2020.01.28-16.19.07:810][  0]LogAudioMixer: Display: 1: FrontRight
[2020.01.28-16.19.07:949][  0]LogAudioMixer: Display: Using Audio Device Altavoces (Realtek High Definition Audio)
[2020.01.28-16.19.08:039][  0]LogInit: FAudioDevice initialized.
[2020.01.28-16.19.08:039][  0]LogNetVersion: Set ProjectVersion to 1.0.0.0. Version Checksum will be recalculated on next use.
[2020.01.28-16.19.08:791][  0]LogDerivedDataCache: Saved boot cache 0.75s 78MB C:/Users/Markuz Senpai/AppData/Local/UnrealEngine/4.24/DerivedDataCache/Boot.ddc.
[2020.01.28-16.19.08:795][  0]LogInit: Texture streaming: Enabled
[2020.01.28-16.19.09:272][  0]LogEngineSessionManager: EngineSessionManager initialized
[2020.01.28-16.19.09:272][  0]LogEditorSessionSummary: Verbose: Initializing EditorSessionSummaryWriter for editor session tracking
[2020.01.28-16.19.09:317][  0]LogEditorSessionSummary: EditorSessionSummaryWriter initialized
[2020.01.28-16.19.12:037][  0]LogInit: Transaction tracking system initialized
[2020.01.28-16.19.13:332][  0]BlueprintLog: New page: Editor Load
[2020.01.28-16.19.16:870][  0]LocalizationService: Localization service is disabled
[2020.01.28-16.19.24:135][  0]LogFileCache: Scanning file cache for directory 'C:/Tecnocampus/3r any/2n Trimestre/Motors de Jocs/MotorDeJocs_Practica1/Practica/Content/' took 0.01s
[2020.01.28-16.19.24:135][  0]LogCook: Display: Max memory allowance for cook 16384mb min free memory 0mb
[2020.01.28-16.19.24:135][  0]LogCook: Display: Mobile HDR setting 1
[2020.01.28-16.19.33:077][  0]SourceControl: Source control is disabled
[2020.01.28-16.19.33:183][  0]LightingResults: New page: Lighting Build
[2020.01.28-16.19.33:530][  0]LogWorld: UWorld::CleanupWorld for Untitled, bSessionEnded=true, bCleanupResources=true
[2020.01.28-16.19.33:542][  0]LogSlate: InvalidateAllWidgets triggered.  All widgets were invalidated
[2020.01.28-16.19.33:647][  0]MapCheck: New page: Map Check
[2020.01.28-16.19.33:647][  0]LightingResults: New page: Lighting Build
[2020.01.28-16.19.34:523][  0]LogUObjectHash: Compacting FUObjectHashTables data took   1.96ms
[2020.01.28-16.19.44:954][  0]LogAIModule: Creating AISystem for world ThirdPersonExampleMap
[2020.01.28-16.19.46:920][  0]LogEditorServer: Finished looking for orphan Actors (0.000 secs)
[2020.01.28-16.19.47:510][  0]LogUObjectHash: Compacting FUObjectHashTables data took   2.65ms
[2020.01.28-16.19.47:510][  0]Cmd: MAP CHECKDEP NOCLEARLOG
[2020.01.28-16.19.47:570][  0]MapCheck: Map check complete: 0 Error(s), 0 Warning(s), took 16.558ms to complete.
[2020.01.28-16.19.47:570][  0]LogFileHelpers: Loading map 'ThirdPersonExampleMap' took 14.474
[2020.01.28-16.19.50:671][  0]LogSlate: Updating window title bar state: overlay mode, drag disabled, window buttons hidden, title bar hidden
[2020.01.28-16.19.50:690][  0]LogSlate: Updating window title bar state: overlay mode, drag disabled, window buttons hidden, title bar hidden
[2020.01.28-16.19.50:698][  0]LogSlate: Updating window title bar state: overlay mode, drag disabled, window buttons hidden, title bar hidden
[2020.01.28-16.19.50:704][  0]LogSlate: Updating window title bar state: overlay mode, drag disabled, window buttons hidden, title bar hidden
[2020.01.28-16.19.51:156][  0]LogCollectionManager: Loaded 0 collections in 0.002582 seconds
[2020.01.28-16.19.51:648][  0]LogFileCache: Scanning file cache for directory 'C:/Tecnocampus/3r any/2n Trimestre/Motors de Jocs/MotorDeJocs_Practica1/Practica/Saved/Collections/' took 0.00s
[2020.01.28-16.19.51:649][  0]LogFileCache: Scanning file cache for directory 'C:/Tecnocampus/3r any/2n Trimestre/Motors de Jocs/MotorDeJocs_Practica1/Practica/Content/Developers/MarkuzSenpai/Collections/' took 0.00s
[2020.01.28-16.19.51:649][  0]LogFileCache: Scanning file cache for directory 'C:/Tecnocampus/3r any/2n Trimestre/Motors de Jocs/MotorDeJocs_Practica1/Practica/Content/Collections/' took 0.00s
[2020.01.28-16.19.51:649][  0]LogContentBrowser: Native class hierarchy populated in 0.0253 seconds. Added 3017 classes and 720 folders.
[2020.01.28-16.19.51:919][  0]LogContentBrowser: Native class hierarchy updated for 'WidgetCarousel' in 0.0003 seconds. Added 0 classes and 0 folders.
[2020.01.28-16.19.56:446][  0]LogContentBrowser: Native class hierarchy updated for 'AddContentDialog' in 0.0003 seconds. Added 0 classes and 0 folders.
[2020.01.28-16.20.01:598][  0]LogSlate: Took 0.523399 seconds to synchronously load lazily loaded font '../../../Engine/Content/Slate/Fonts/Roboto-Regular.ttf' (155K)
[2020.01.28-16.20.01:851][  0]LogSlate: Took 0.120538 seconds to synchronously load lazily loaded font '../../../Engine/Content/Slate/Fonts/Roboto-Bold.ttf' (160K)
[2020.01.28-16.20.02:146][  0]LogSlate: Took 0.272673 seconds to synchronously load lazily loaded font '../../../Engine/Content/Editor/Slate/Fonts/FontAwesome.ttf' (139K)
[2020.01.28-16.20.03:569][  0]LogRenderer: Reallocating scene render targets to support 1168x572 Format 10 NumSamples 1 (Frame:1).
[2020.01.28-16.20.06:311][  0]LogContentBrowser: Native class hierarchy updated for 'HierarchicalLODOutliner' in 0.0003 seconds. Added 0 classes and 0 folders.
[2020.01.28-16.20.06:311][  0]LogLoad: (Engine Initialization) Total time: 225.94 seconds
[2020.01.28-16.20.06:311][  0]LogLoad: (Engine Initialization) Total Blueprint compile time: 0.00 seconds
[2020.01.28-16.20.06:851][  0]LogContentStreaming: Texture pool size now 1000 MB
[2020.01.28-16.20.07:323][  0]LogSlate: Took 0.148537 seconds to synchronously load lazily loaded font '../../../Engine/Content/Slate/Fonts/Roboto-Light.ttf' (167K)
[2020.01.28-16.20.08:003][  2]LogSlate: Took 0.000232 seconds to synchronously load lazily loaded font '../../../Engine/Content/Slate/Fonts/Roboto-Light.ttf' (167K)
[2020.01.28-16.20.14:552][ 64]LogAssetRegistry: Asset discovery search completed in 150.9885 seconds
[2020.01.28-16.20.14:557][ 64]LogCollectionManager: Fixed up redirectors for 0 collections in 0.000015 seconds (updated 0 objects)
[2020.01.28-16.20.45:235][596]LogTemp: Repeating last play command: Selected Viewport
[2020.01.28-16.20.45:412][596]LogBlueprintUserMessages: Early PlayInEditor Detection: Level '/Game/ThirdPersonBP/Maps/ThirdPersonExampleMap.ThirdPersonExampleMap:PersistentLevel' has LevelScriptBlueprint '/Game/ThirdPersonBP/Maps/ThirdPersonExampleMap.ThirdPersonExampleMap:PersistentLevel.ThirdPersonExampleMap' with GeneratedClass '/Game/ThirdPersonBP/Maps/ThirdPersonExampleMap.ThirdPersonExampleMap_C' with ClassGeneratedBy '/Game/ThirdPersonBP/Maps/ThirdPersonExampleMap.ThirdPersonExampleMap:PersistentLevel.ThirdPersonExampleMap'
[2020.01.28-16.20.45:412][596]LogPlayLevel: PlayLevel: No blueprints needed recompiling
[2020.01.28-16.20.45:622][596]PIE: New page: PIE session: ThirdPersonExampleMap (Jan 28, 2020, 6:20:45 PM)
[2020.01.28-16.20.45:796][596]LogOnline: OSS: Creating online subsystem instance for: NULL
[2020.01.28-16.20.45:852][596]LogOnline: OSS: TryLoadSubsystemAndSetDefault: Loaded subsystem for module [NULL]
[2020.01.28-16.20.45:852][596]LogPlayLevel: Creating play world package: /Game/ThirdPersonBP/Maps/UEDPIE_0_ThirdPersonExampleMap
[2020.01.28-16.20.45:877][596]LogPlayLevel: PIE: StaticDuplicateObject took: (0.024235s)
[2020.01.28-16.20.45:878][596]LogAIModule: Creating AISystem for world ThirdPersonExampleMap
[2020.01.28-16.20.45:914][596]LogPlayLevel: PIE: World Init took: (0.036958s)
[2020.01.28-16.20.45:914][596]LogPlayLevel: PIE: Created PIE world by copying editor world from /Game/ThirdPersonBP/Maps/ThirdPersonExampleMap.ThirdPersonExampleMap to /Game/ThirdPersonBP/Maps/UEDPIE_0_ThirdPersonExampleMap.ThirdPersonExampleMap (0.061590s)
[2020.01.28-16.20.45:946][596]LogUObjectHash: Compacting FUObjectHashTables data took   3.14ms
[2020.01.28-16.20.45:951][596]LogAudioMixer: Display: Audio Mixer Platform Settings:
[2020.01.28-16.20.45:951][596]LogAudioMixer: Display: 	Sample Rate:						  48000
[2020.01.28-16.20.45:951][596]LogAudioMixer: Display: 	Callback Buffer Frame Size Requested: 1024
[2020.01.28-16.20.45:951][596]LogAudioMixer: Display: 	Callback Buffer Frame Size To Use:	  1024
[2020.01.28-16.20.45:951][596]LogAudioMixer: Display: 	Number of buffers to queue:			  2
[2020.01.28-16.20.45:951][596]LogAudioMixer: Display: 	Max Channels (voices):				  32
[2020.01.28-16.20.45:951][596]LogAudioMixer: Display: 	Number of Async Source Workers:		  0
[2020.01.28-16.20.45:951][596]LogAudio: Display: AudioDevice MaxSources: 32
[2020.01.28-16.20.45:952][596]LogAudio: Display: Using built-in audio occlusion.
[2020.01.28-16.20.45:952][596]LogAudioMixer: Display: Initializing audio mixer.
[2020.01.28-16.20.45:962][596]LogAudioMixer: Display: Audio Device Output Speaker Info:
[2020.01.28-16.20.45:962][596]LogAudioMixer: Display: Name: Altavoces (Realtek High Definition Audio)
[2020.01.28-16.20.45:962][596]LogAudioMixer: Display: Is Default: Yes
[2020.01.28-16.20.45:962][596]LogAudioMixer: Display: Sample Rate: 192000
[2020.01.28-16.20.45:962][596]LogAudioMixer: Display: Channel Count Used: 2
[2020.01.28-16.20.45:962][596]LogAudioMixer: Display: Device Channel Count: 2
[2020.01.28-16.20.45:962][596]LogAudioMixer: Display: Channel Order:
[2020.01.28-16.20.45:962][596]LogAudioMixer: Display: 0: FrontLeft
[2020.01.28-16.20.45:962][596]LogAudioMixer: Display: 1: FrontRight
[2020.01.28-16.20.46:018][596]LogAudioMixer: Display: Using Audio Device Altavoces (Realtek High Definition Audio)
[2020.01.28-16.20.46:020][596]LogInit: FAudioDevice initialized.
[2020.01.28-16.20.46:033][596]LogLoad: Game class is 'ThirdPersonGameMode_C'
[2020.01.28-16.20.46:146][596]LogWorld: Bringing World /Game/ThirdPersonBP/Maps/UEDPIE_0_ThirdPersonExampleMap.ThirdPersonExampleMap up for play (max tick rate 60) at 2020.01.28-17.20.46
[2020.01.28-16.20.46:158][596]LogWorld: Bringing up level for play took: 0.014569
[2020.01.28-16.20.46:158][596]LogOnline: OSS: Creating online subsystem instance for: :Context_1
[2020.01.28-16.20.46:805][596]LogContentBrowser: Native class hierarchy updated for 'MovieSceneCapture' in 0.0003 seconds. Added 20 classes and 0 folders.
[2020.01.28-16.20.46:979][596]PIE: Play in editor start time for /Game/ThirdPersonBP/Maps/UEDPIE_0_ThirdPersonExampleMap 2.032
[2020.01.28-16.20.46:980][596]LogBlueprintUserMessages: Late PlayInEditor Detection: Level '/Game/ThirdPersonBP/Maps/ThirdPersonExampleMap.ThirdPersonExampleMap:PersistentLevel' has LevelScriptBlueprint '/Game/ThirdPersonBP/Maps/ThirdPersonExampleMap.ThirdPersonExampleMap:PersistentLevel.ThirdPersonExampleMap' with GeneratedClass '/Game/ThirdPersonBP/Maps/ThirdPersonExampleMap.ThirdPersonExampleMap_C' with ClassGeneratedBy '/Game/ThirdPersonBP/Maps/ThirdPersonExampleMap.ThirdPersonExampleMap:PersistentLevel.ThirdPersonExampleMap'
[2020.01.28-16.21.00:152][348]LogAudioMixer: Display: No commands were queued while flushing the source manager.
[2020.01.28-16.21.00:152][348]LogAudioMixer: Display: No commands were queued while flushing the source manager.
[2020.01.28-16.21.00:153][348]LogBlueprintUserMessages: Early EndPlayMap Detection: Level '/Game/ThirdPersonBP/Maps/ThirdPersonExampleMap.ThirdPersonExampleMap:PersistentLevel' has LevelScriptBlueprint '/Game/ThirdPersonBP/Maps/ThirdPersonExampleMap.ThirdPersonExampleMap:PersistentLevel.ThirdPersonExampleMap' with GeneratedClass '/Game/ThirdPersonBP/Maps/ThirdPersonExampleMap.ThirdPersonExampleMap_C' with ClassGeneratedBy '/Game/ThirdPersonBP/Maps/ThirdPersonExampleMap.ThirdPersonExampleMap:PersistentLevel.ThirdPersonExampleMap'
[2020.01.28-16.21.00:153][348]LogSlate: Updating window title bar state: overlay mode, drag disabled, window buttons hidden, title bar hidden
[2020.01.28-16.21.00:153][348]LogWorld: BeginTearingDown for /Game/ThirdPersonBP/Maps/UEDPIE_0_ThirdPersonExampleMap
[2020.01.28-16.21.00:153][348]LogAudioMixer: Display: No commands were queued while flushing the source manager.
[2020.01.28-16.21.00:258][348]LogWorld: UWorld::CleanupWorld for ThirdPersonExampleMap, bSessionEnded=true, bCleanupResources=true
[2020.01.28-16.21.00:258][348]LogSlate: InvalidateAllWidgets triggered.  All widgets were invalidated
[2020.01.28-16.21.00:268][348]LogPlayLevel: Display: Shutting down PIE online subsystems
[2020.01.28-16.21.00:268][348]LogBlueprintUserMessages: Late EndPlayMap Detection: Level '/Game/ThirdPersonBP/Maps/ThirdPersonExampleMap.ThirdPersonExampleMap:PersistentLevel' has LevelScriptBlueprint '/Game/ThirdPersonBP/Maps/ThirdPersonExampleMap.ThirdPersonExampleMap:PersistentLevel.ThirdPersonExampleMap' with GeneratedClass '/Game/ThirdPersonBP/Maps/ThirdPersonExampleMap.ThirdPersonExampleMap_C' with ClassGeneratedBy '/Game/ThirdPersonBP/Maps/ThirdPersonExampleMap.ThirdPersonExampleMap:PersistentLevel.ThirdPersonExampleMap'
[2020.01.28-16.21.00:271][348]LogSlate: InvalidateAllWidgets triggered.  All widgets were invalidated
[2020.01.28-16.21.00:551][348]LogAudioMixer: Display: No commands were queued while flushing the source manager.
[2020.01.28-16.21.00:581][348]LogSlate: Updating window title bar state: overlay mode, drag disabled, window buttons hidden, title bar hidden
[2020.01.28-16.21.00:826][348]LogUObjectHash: Compacting FUObjectHashTables data took   1.80ms
[2020.01.28-16.21.00:927][349]LogPlayLevel: Display: Destroying online subsystem :Context_1
[2020.01.28-16.21.01:547][384]LogTemp: Repeating last play command: Selected Viewport
[2020.01.28-16.21.01:565][384]LogBlueprintUserMessages: Early PlayInEditor Detection: Level '/Game/ThirdPersonBP/Maps/ThirdPersonExampleMap.ThirdPersonExampleMap:PersistentLevel' has LevelScriptBlueprint '/Game/ThirdPersonBP/Maps/ThirdPersonExampleMap.ThirdPersonExampleMap:PersistentLevel.ThirdPersonExampleMap' with GeneratedClass '/Game/ThirdPersonBP/Maps/ThirdPersonExampleMap.ThirdPersonExampleMap_C' with ClassGeneratedBy '/Game/ThirdPersonBP/Maps/ThirdPersonExampleMap.ThirdPersonExampleMap:PersistentLevel.ThirdPersonExampleMap'
[2020.01.28-16.21.01:565][384]LogPlayLevel: PlayLevel: No blueprints needed recompiling
[2020.01.28-16.21.01:565][384]PIE: New page: PIE session: ThirdPersonExampleMap (Jan 28, 2020, 6:21:01 PM)
[2020.01.28-16.21.01:565][384]LogPlayLevel: Creating play world package: /Game/ThirdPersonBP/Maps/UEDPIE_0_ThirdPersonExampleMap
[2020.01.28-16.21.01:580][384]LogPlayLevel: PIE: StaticDuplicateObject took: (0.014563s)
[2020.01.28-16.21.01:581][384]LogAIModule: Creating AISystem for world ThirdPersonExampleMap
[2020.01.28-16.21.01:582][384]LogPlayLevel: PIE: World Init took: (0.001782s)
[2020.01.28-16.21.01:582][384]LogPlayLevel: PIE: Created PIE world by copying editor world from /Game/ThirdPersonBP/Maps/ThirdPersonExampleMap.ThirdPersonExampleMap to /Game/ThirdPersonBP/Maps/UEDPIE_0_ThirdPersonExampleMap.ThirdPersonExampleMap (0.016583s)
[2020.01.28-16.21.01:611][384]LogUObjectHash: Compacting FUObjectHashTables data took   1.57ms
[2020.01.28-16.21.01:611][384]LogAudioMixer: Display: Audio Mixer Platform Settings:
[2020.01.28-16.21.01:611][384]LogAudioMixer: Display: 	Sample Rate:						  48000
[2020.01.28-16.21.01:611][384]LogAudioMixer: Display: 	Callback Buffer Frame Size Requested: 1024
[2020.01.28-16.21.01:611][384]LogAudioMixer: Display: 	Callback Buffer Frame Size To Use:	  1024
[2020.01.28-16.21.01:611][384]LogAudioMixer: Display: 	Number of buffers to queue:			  2
[2020.01.28-16.21.01:611][384]LogAudioMixer: Display: 	Max Channels (voices):				  32
[2020.01.28-16.21.01:611][384]LogAudioMixer: Display: 	Number of Async Source Workers:		  0
[2020.01.28-16.21.01:611][384]LogAudio: Display: AudioDevice MaxSources: 32
[2020.01.28-16.21.01:612][384]LogAudio: Display: Using built-in audio occlusion.
[2020.01.28-16.21.01:612][384]LogAudioMixer: Display: Initializing audio mixer.
[2020.01.28-16.21.01:619][384]LogAudioMixer: Display: Audio Device Output Speaker Info:
[2020.01.28-16.21.01:619][384]LogAudioMixer: Display: Name: Altavoces (Realtek High Definition Audio)
[2020.01.28-16.21.01:619][384]LogAudioMixer: Display: Is Default: Yes
[2020.01.28-16.21.01:619][384]LogAudioMixer: Display: Sample Rate: 192000
[2020.01.28-16.21.01:619][384]LogAudioMixer: Display: Channel Count Used: 2
[2020.01.28-16.21.01:619][384]LogAudioMixer: Display: Device Channel Count: 2
[2020.01.28-16.21.01:619][384]LogAudioMixer: Display: Channel Order:
[2020.01.28-16.21.01:619][384]LogAudioMixer: Display: 0: FrontLeft
[2020.01.28-16.21.01:619][384]LogAudioMixer: Display: 1: FrontRight
[2020.01.28-16.21.01:666][384]LogAudioMixer: Display: Using Audio Device Altavoces (Realtek High Definition Audio)
[2020.01.28-16.21.01:668][384]LogInit: FAudioDevice initialized.
[2020.01.28-16.21.01:675][384]LogLoad: Game class is 'ThirdPersonGameMode_C'
[2020.01.28-16.21.01:678][384]LogWorld: Bringing World /Game/ThirdPersonBP/Maps/UEDPIE_0_ThirdPersonExampleMap.ThirdPersonExampleMap up for play (max tick rate 60) at 2020.01.28-17.21.01
[2020.01.28-16.21.01:679][384]LogWorld: Bringing up level for play took: 0.002140
[2020.01.28-16.21.01:679][384]LogOnline: OSS: Creating online subsystem instance for: :Context_2
[2020.01.28-16.21.01:681][384]PIE: Play in editor start time for /Game/ThirdPersonBP/Maps/UEDPIE_0_ThirdPersonExampleMap 0.734
[2020.01.28-16.21.01:681][384]LogBlueprintUserMessages: Late PlayInEditor Detection: Level '/Game/ThirdPersonBP/Maps/ThirdPersonExampleMap.ThirdPersonExampleMap:PersistentLevel' has LevelScriptBlueprint '/Game/ThirdPersonBP/Maps/ThirdPersonExampleMap.ThirdPersonExampleMap:PersistentLevel.ThirdPersonExampleMap' with GeneratedClass '/Game/ThirdPersonBP/Maps/ThirdPersonExampleMap.ThirdPersonExampleMap_C' with ClassGeneratedBy '/Game/ThirdPersonBP/Maps/ThirdPersonExampleMap.ThirdPersonExampleMap:PersistentLevel.ThirdPersonExampleMap'
